ERROR:root:Неправильный формат пароля
ERROR:root:Неправильный формат логина
ERROR:root:Пользователь уже существует
ERROR:root:Ошибка ввода: could not convert string to float: ''
ERROR:root:Пользователь уже существует
ERROR:root:Неправильный формат логина
ERROR:root:Неправильный формат пароля
ERROR:root:Неправильный формат логина
ERROR:root:Неправильный формат логина
ERROR:root:Неправильный формат логина
ERROR:root:Неправильный формат логина
ERROR:root:Неправильный формат логина
ERROR:root:Неправильный формат логина
ERROR:root:Неправильный формат логина
ERROR:root:Неправильный формат логина
ERROR:root:Неправильный формат логина
ERROR:root:Неправильный формат логина
ERROR:root:Неправильный формат логина
ERROR:root:Неправильный формат логина
ERROR:root:Неправильный формат логина
ERROR:root:Неправильный формат логина
ERROR:root:Неправильный формат логина
ERROR:root:Неправильный формат логина
ERROR:root:Неправильный формат логина
ERROR:root:Неправильный формат логина
ERROR:root:Неправильный формат логина
ERROR:root:Неправильный формат логина
ERROR:root:Неправильный формат логина
ERROR:root:Неправильный формат логина
ERROR:root:Неправильный формат логина
ERROR:root:Неправильный формат логина
ERROR:root:Неправильный формат логина
ERROR:root:Неправильный формат логина
ERROR:root:Неправильный формат логина
ERROR:root:Неправильный формат логина
ERROR:root:Неправильный формат логина
ERROR:root:Неправильный формат логина
ERROR:root:
ERROR:root:
ERROR:root:
ERROR:root:
ERROR:root:
ERROR:root:
ERROR:root:
ERROR:root:
ERROR:root:
ERROR:root:
ERROR:root:
ERROR:root:
ERROR:root:
ERROR:root:
ERROR:root:
ERROR:root:
ERROR:root:Неправильный формат пароля
ERROR:root:Неправильный формат логина
ERROR:root:Пользователь уже существует
